c:\users\ryem_\source\repos\waingame\waingame\debug\vc142.pdb
c:\users\ryem_\source\repos\waingame\waingame\debug\vc142.idb
c:\users\ryem_\source\repos\waingame\waingame\debug\worldpiece.obj
c:\users\ryem_\source\repos\waingame\waingame\debug\world.obj
c:\users\ryem_\source\repos\waingame\waingame\debug\shootplayerattackphase.obj
c:\users\ryem_\source\repos\waingame\waingame\debug\shootcircleattackphase.obj
c:\users\ryem_\source\repos\waingame\waingame\debug\shootbeamattackphase.obj
c:\users\ryem_\source\repos\waingame\waingame\debug\projectile.obj
c:\users\ryem_\source\repos\waingame\waingame\debug\poststate.obj
c:\users\ryem_\source\repos\waingame\waingame\debug\portal.obj
c:\users\ryem_\source\repos\waingame\waingame\debug\playerprojectile.obj
c:\users\ryem_\source\repos\waingame\waingame\debug\player.obj
c:\users\ryem_\source\repos\waingame\waingame\debug\explosioneffect.obj
c:\users\ryem_\source\repos\waingame\waingame\debug\entry.obj
c:\users\ryem_\source\repos\waingame\waingame\debug\credit.obj
c:\users\ryem_\source\repos\waingame\waingame\debug\bossprojectile.obj
c:\users\ryem_\source\repos\waingame\waingame\debug\bossbeams.obj
c:\users\ryem_\source\repos\waingame\waingame\debug\boss.obj
c:\users\ryem_\source\repos\waingame\waingame\debug\attackphase.obj
c:\users\ryem_\source\repos\waingame\debug\waingame.exe
c:\users\ryem_\source\repos\waingame\waingame\debug\waingame.ilk
c:\users\ryem_\source\repos\waingame\debug\waingame.pdb
c:\users\ryem_\source\repos\waingame\waingame\debug\waingame.tlog\cl.command.1.tlog
c:\users\ryem_\source\repos\waingame\waingame\debug\waingame.tlog\cl.read.1.tlog
c:\users\ryem_\source\repos\waingame\waingame\debug\waingame.tlog\cl.write.1.tlog
c:\users\ryem_\source\repos\waingame\waingame\debug\waingame.tlog\link.command.1.tlog
c:\users\ryem_\source\repos\waingame\waingame\debug\waingame.tlog\link.read.1.tlog
c:\users\ryem_\source\repos\waingame\waingame\debug\waingame.tlog\link.write.1.tlog
